<?xml version="1.0" encoding="UTF-8"?>
<testsuite xmlns:xsi="http://www.w3.org/2001/XMLSchema-instance" xsi:noNamespaceSchemaLocation="https://maven.apache.org/surefire/maven-surefire-plugin/xsd/surefire-test-report-3.0.xsd" version="3.0" name="com.example.purseai.PurseaiApplicationTests" time="5.369" tests="1" errors="0" skipped="0" failures="0">
  <properties>
[...]
</properties>
  <testcase name="contextLoads" classname="com.example.purseai.PurseaiApplicationTests" time="1.231">
    <system-out><![CDATA[14:05:22.145 [main] INFO org.springframework.test.context.support.AnnotationConfigContextLoaderUtils -- Could not detect default configuration classes for test class [com.example.purseai.PurseaiApplicationTests]: PurseaiApplicationTests does not declare any static, non-private, non-final, nested classes annotated with @Configuration.
14:05:22.324 [main] INFO org.springframework.boot.test.context.SpringBootTestContextBootstrapper -- Found @SpringBootConfiguration com.example.purseai.PurseaiApplication for test class com.example.purseai.PurseaiApplicationTests

  .   ____          _            __ _ _
 /\\ / ___'_ __ _ _(_)_ __  __ _ \ \ \ \
( ( )\___ | '_ | '_| | '_ \/ _` | \ \ \ \
 \\/  ___)| |_)| | | | | || (_| |  ) ) ) )
  '  |____| .__|_| |_|_| |_\__, | / / / /
 =========|_|==============|___/=/_/_/_/
 :: Spring Boot ::                (v3.2.3)

2025-04-21T14:05:22.961+08:00  INFO 7568 --- [purseai] [           main] c.e.purseai.PurseaiApplicationTests      : Starting PurseaiApplicationTests using Java 21.0.2 with PID 7568 (started by 徐润阳 in D:\download\software-75-chappellreyeon-patch-1\software-75-chappellreyeon-patch-1\purseai)
2025-04-21T14:05:22.963+08:00  INFO 7568 --- [purseai] [           main] c.e.purseai.PurseaiApplicationTests      : No active profile set, falling back to 1 default profile: "default"
2025-04-21T14:05:24.744+08:00  INFO 7568 --- [purseai] [           main] c.e.p.repository.JsonFileUserRepository  : Loading users from D:\download\software-75-chappellreyeon-patch-1\software-75-chappellreyeon-patch-1\purseai\data\users.json
2025-04-21T14:05:24.830+08:00  INFO 7568 --- [purseai] [           main] c.e.p.repository.JsonFileUserRepository  : Loaded 5 users
2025-04-21T14:05:24.929+08:00  INFO 7568 --- [purseai] [           main] c.e.p.r.FileBasedSavingsPlanRepository   : 已加载 0 个储蓄计划
2025-04-21T14:05:24.947+08:00  INFO 7568 --- [purseai] [           main] c.e.p.r.FileBasedUserRepository          : 已加载 5 个用户记录
2025-04-21T14:05:25.399+08:00  INFO 7568 --- [purseai] [           main] c.example.purseai.config.SecurityConfig  : Initializing JWT Authentication Filter
2025-04-21T14:05:25.400+08:00  INFO 7568 --- [purseai] [           main] c.example.purseai.config.SecurityConfig  : Configuring Security Filter Chain
2025-04-21T14:05:25.401+08:00  INFO 7568 --- [purseai] [           main] c.example.purseai.config.SecurityConfig  : Configuring CORS
2025-04-21T14:05:25.404+08:00  INFO 7568 --- [purseai] [           main] c.example.purseai.config.SecurityConfig  : Disabling CSRF
2025-04-21T14:05:25.411+08:00  INFO 7568 --- [purseai] [           main] c.example.purseai.config.SecurityConfig  : Configuring authorization rules
2025-04-21T14:05:25.419+08:00  INFO 7568 --- [purseai] [           main] c.example.purseai.config.SecurityConfig  : Setting session management policy to STATELESS
2025-04-21T14:05:25.492+08:00  INFO 7568 --- [purseai] [           main] o.s.s.web.DefaultSecurityFilterChain     : Will secure any request with [org.springframework.security.web.session.DisableEncodeUrlFilter@4cc65c2, org.springframework.security.web.context.request.async.WebAsyncManagerIntegrationFilter@574059d5, org.springframework.security.web.context.SecurityContextHolderFilter@52ae997b, org.springframework.security.web.header.HeaderWriterFilter@707ca986, org.springframework.web.filter.CorsFilter@6d672bd4, org.springframework.security.web.authentication.logout.LogoutFilter@664632e9, com.example.purseai.security.JwtAuthenticationFilter@67770b37, org.springframework.security.web.savedrequest.RequestCacheAwareFilter@1a01d7f0, org.springframework.security.web.servletapi.SecurityContextHolderAwareRequestFilter@5856dbe4, org.springframework.security.web.authentication.AnonymousAuthenticationFilter@72906e, org.springframework.security.web.session.SessionManagementFilter@3becc950, org.springframework.security.web.access.ExceptionTranslationFilter@236eccd1, org.springframework.security.web.access.intercept.AuthorizationFilter@73041b7d]
2025-04-21T14:05:25.979+08:00  INFO 7568 --- [purseai] [           main] c.e.purseai.PurseaiApplicationTests      : Started PurseaiApplicationTests in 3.43 seconds (process running for 4.989)
]]></system-out>
    <system-err><![CDATA[WARNING: A Java agent has been loaded dynamically (C:\Users\ÐìÈóÑô\.m2\repository\net\bytebuddy\byte-buddy-agent\1.14.12\byte-buddy-agent-1.14.12.jar)
WARNING: If a serviceability tool is in use, please run with -XX:+EnableDynamicAgentLoading to hide this warning
WARNING: If a serviceability tool is not in use, please run with -Djdk.instrument.traceUsage for more information
WARNING: Dynamic loading of agents will be disallowed by default in a future release
]]></system-err>
  </testcase>
</testsuite>